<?xml version="1.0" encoding="UTF-8"?>
<!-- Generated by org.testng.reporters.JUnitReportReporter -->
<testsuite hostname="DESKTOP-6H32NNI" failures="0" tests="1" name="TestLayer.LoginPageTest" time="1.715" errors="0" timestamp="2023-08-08T14:35:26 IST" skipped="0">
  <testcase classname="TestLayer.LoginPageTest" name="validateLoginPageFunctionaliy" time="1.715"/>
  <system-out/>
</testsuite> <!-- TestLayer.LoginPageTest -->
